<?xml version="1.0" encoding="UTF-8"?>
<!-- Generated by org.testng.reporters.JUnitXMLReporter -->
<testsuite ignored="0" hostname="User" failures="0" tests="11" name="Default test" time="179.869" errors="0" timestamp="2023-06-18T23:25:15 EDT">
  <testcase classname="testNGbasics.DataDrivenTesting" name="negativeSearchFunctionalityTest" time="10.233"/>
  <testcase classname="testNGbasics.DataDrivenTesting" name="negativeSearchFunctionalityTest" time="8.441"/>
  <testcase classname="testNGbasics.DataDrivenTesting" name="negativeSearchFunctionalityTest" time="6.994"/>
  <testcase classname="testNGbasics.DataDrivenTesting" name="positiveSearchFunctionalityTest" time="5.679"/>
  <testcase classname="testNGbasics.DataDrivenTesting" name="positiveSearchFunctionalityTest" time="9.611"/>
  <testcase classname="testNGbasics.DataDrivenTesting" name="positiveSearchFunctionalityTest" time="9.711"/>
  <testcase classname="testNGbasics.DataDrivenTesting" name="positiveSearchFunctionalityTest" time="11.844"/>
  <testcase classname="testNGbasics.DataDrivenTesting" name="positiveSearchFunctionalityTest" time="9.244"/>
  <testcase classname="testNGbasics.DataDrivenTesting" name="positiveSearchFunctionalityTestHittingEnterKey" time="7.645"/>
  <testcase classname="testNGbasics.DataDrivenTesting" name="positiveSearchFunctionalityTestHittingEnterKey" time="8.374"/>
  <testcase classname="testNGbasics.DataDrivenTesting" name="positiveSearchFunctionalityTestHittingEnterKey" time="11.899"/>
</testsuite> <!-- Default test -->
